<?xml version="1.0" encoding="UTF-8"?>
<!-- Generated by org.testng.reporters.JUnitXMLReporter -->
<testsuite ignored="0" hostname="LAPTOP-GD46SI53" failures="5" tests="24" name="Test" time="251.515" errors="0" timestamp="2024-09-21T10:05:18 IST">
  <testcase classname="com.testcases.HomePageTest" name="viewMensProduct" time="3.719"/>
  <testcase classname="com.testcases.HomePageTest" name="viewWomensProduct" time="2.292"/>
  <testcase classname="com.testcases.HomePageTest" name="viewSocks" time="6.097"/>
  <testcase classname="com.testcases.HomePageTest" name="viewSales" time="2.141"/>
  <testcase classname="com.testcases.HomePageTest" name="searchItems" time="4.661"/>
  <testcase classname="com.testcases.HomePageTest" name="viewAccount" time="5.088"/>
  <testcase classname="com.testcases.HomePageTest" name="viewCart" time="2.118"/>
  <testcase classname="com.testcases.HomePageTest" name="testValidateHomePageTitle" time="0.035"/>
  <testcase classname="com.testcases.HomePageTest" name="testValidateMensCategoryPresence" time="0.066"/>
  <testcase classname="com.testcases.HomePageTest" name="testValidateCartButtonPresence" time="0.066"/>
  <testcase classname="com.testcases.LoginPageTest" name="loginTest" time="3.787"/>
  <testcase classname="com.testcases.LoginPageTest" name="testLogin" time="4.182">
    <failure type="java.lang.AssertionError" message="Login failed for user: kseetaramaraju1@gmail.com expected [Dashboard] but found [My Account - Allbirds]">
      <![CDATA[java.lang.AssertionError: Login failed for user: kseetaramaraju1@gmail.com expected [Dashboard] but found [My Account - Allbirds]
at com.testcases.LoginPageTest.testLogin(LoginPageTest.java:67)
at java.base/java.util.ArrayList.forEach(ArrayList.java:1596)
... Removed 30 stack frames]]>
    </failure>
  </testcase> <!-- testLogin -->
  <testcase classname="com.testcases.LoginPageTest" name="testLogin" time="3.754">
    <failure type="java.lang.AssertionError" message="Login failed for user: raju@gmail.com expected [Dashboard] but found [Login or Create an Account - Allbirds]">
      <![CDATA[java.lang.AssertionError: Login failed for user: raju@gmail.com expected [Dashboard] but found [Login or Create an Account - Allbirds]
at com.testcases.LoginPageTest.testLogin(LoginPageTest.java:67)
at java.base/java.util.ArrayList.forEach(ArrayList.java:1596)
... Removed 30 stack frames]]>
    </failure>
  </testcase> <!-- testLogin -->
  <testcase classname="com.testcases.LoginPageTest" name="testLogin" time="4.511">
    <failure type="java.lang.AssertionError" message="Login failed for user: ramkumar908040@gmail.com expected [Dashboard] but found [My Account - Allbirds]">
      <![CDATA[java.lang.AssertionError: Login failed for user: ramkumar908040@gmail.com expected [Dashboard] but found [My Account - Allbirds]
at com.testcases.LoginPageTest.testLogin(LoginPageTest.java:67)
at java.base/java.util.ArrayList.forEach(ArrayList.java:1596)
... Removed 30 stack frames]]>
    </failure>
  </testcase> <!-- testLogin -->
  <testcase classname="com.testcases.LoginPageTest" name="testLogin" time="20.226">
    <failure type="org.openqa.selenium.TimeoutException" message="timeout: Timed out receiving message from renderer: 20.000
  (Session info: chrome=128.0.6613.139)
Build info: version: &amp;apos;4.24.0&amp;apos;, revision: &amp;apos;748ffc9bc3&amp;apos;
System info: os.name: &amp;apos;Windows 11&amp;apos;, os.arch: &amp;apos;amd64&amp;apos;, os.version: &amp;apos;10.0&amp;apos;, java.version: &amp;apos;21.0.1&amp;apos;
Driver info: org.openqa.selenium.chrome.ChromeDriver
Command: [c8450af8812f5d04570b28afa36175a9, clickElement {id=f.231BD6FF4D44565811D360D70A271BB2.d.0F9C61B02B6905E3E5BEAA596F7C279C.e.18}]
Capabilities {acceptInsecureCerts: false, browserName: chrome, browserVersion: 128.0.6613.139, chrome: {chromedriverVersion: 128.0.6613.137 (fe621c5aa2d..., userDataDir: C:\Users\SEETHA~1\AppData\L...}, fedcm:accounts: true, goog:chromeOptions: {debuggerAddress: localhost:52188}, networkConnectionEnabled: false, pageLoadStrategy: normal, platformName: windows, proxy: Proxy(), se:cdp: ws://localhost:52188/devtoo..., se:cdpVersion: 128.0.6613.139, setWindowRect: true, strictFileInteractability: false, timeouts: {implicit: 0, pageLoad: 300000, script: 30000}, unhandledPromptBehavior: dismiss and notify, webauthn:extension:credBlob: true, webauthn:extension:largeBlob: true, webauthn:extension:minPinLength: true, webauthn:extension:prf: true, webauthn:virtualAuthenticators: true}
Element: [[ChromeDriver: chrome on windows (c8450af8812f5d04570b28afa36175a9)] -&amp;gt; xpath: //*[@id=&amp;quot;customer_login&amp;quot;]/input[5]]
Session ID: c8450af8812f5d04570b28afa36175a9">
      <![CDATA[org.openqa.selenium.TimeoutException: timeout: Timed out receiving message from renderer: 20.000
  (Session info: chrome=128.0.6613.139)
Build info: version: '4.24.0', revision: '748ffc9bc3'
System info: os.name: 'Windows 11', os.arch: 'amd64', os.version: '10.0', java.version: '21.0.1'
Driver info: org.openqa.selenium.chrome.ChromeDriver
Command: [c8450af8812f5d04570b28afa36175a9, clickElement {id=f.231BD6FF4D44565811D360D70A271BB2.d.0F9C61B02B6905E3E5BEAA596F7C279C.e.18}]
Capabilities {acceptInsecureCerts: false, browserName: chrome, browserVersion: 128.0.6613.139, chrome: {chromedriverVersion: 128.0.6613.137 (fe621c5aa2d..., userDataDir: C:\Users\SEETHA~1\AppData\L...}, fedcm:accounts: true, goog:chromeOptions: {debuggerAddress: localhost:52188}, networkConnectionEnabled: false, pageLoadStrategy: normal, platformName: windows, proxy: Proxy(), se:cdp: ws://localhost:52188/devtoo..., se:cdpVersion: 128.0.6613.139, setWindowRect: true, strictFileInteractability: false, timeouts: {implicit: 0, pageLoad: 300000, script: 30000}, unhandledPromptBehavior: dismiss and notify, webauthn:extension:credBlob: true, webauthn:extension:largeBlob: true, webauthn:extension:minPinLength: true, webauthn:extension:prf: true, webauthn:virtualAuthenticators: true}
Element: [[ChromeDriver: chrome on windows (c8450af8812f5d04570b28afa36175a9)] -> xpath: //*[@id="customer_login"]/input[5]]
Session ID: c8450af8812f5d04570b28afa36175a9
at org.openqa.selenium.remote.ErrorCodec.decode(ErrorCodec.java:167)
at org.openqa.selenium.remote.codec.w3c.W3CHttpResponseCodec.decode(W3CHttpResponseCodec.java:138)
at org.openqa.selenium.remote.codec.w3c.W3CHttpResponseCodec.decode(W3CHttpResponseCodec.java:50)
at org.openqa.selenium.remote.HttpCommandExecutor.execute(HttpCommandExecutor.java:190)
at org.openqa.selenium.remote.service.DriverCommandExecutor.invokeExecute(DriverCommandExecutor.java:216)
at org.openqa.selenium.remote.service.DriverCommandExecutor.execute(DriverCommandExecutor.java:174)
at org.openqa.selenium.remote.RemoteWebDriver.execute(RemoteWebDriver.java:545)
at org.openqa.selenium.remote.RemoteWebElement.execute(RemoteWebElement.java:223)
at org.openqa.selenium.remote.RemoteWebElement.click(RemoteWebElement.java:76)
at org.openqa.selenium.support.pagefactory.internal.LocatingElementHandler.invoke(LocatingElementHandler.java:51)
at jdk.proxy2/jdk.proxy2.$Proxy22.click(Unknown Source)
at com.pages.LoginPage.login(LoginPage.java:35)
at com.testcases.LoginPageTest.testLogin(LoginPageTest.java:65)
at java.base/java.util.ArrayList.forEach(ArrayList.java:1596)
... Removed 30 stack frames]]>
    </failure>
  </testcase> <!-- testLogin -->
  <testcase classname="com.testcases.LoginPageTest" name="loginFailureTest" time="3.214"/>
  <testcase classname="com.testcases.LoginPageTest" name="validateLoginPageTitleTest" time="0.009"/>
  <testcase classname="com.testcases.LoginPageTest" name="validateEmailAndPasswordFieldsTest" time="0.031"/>
  <testcase classname="com.testcases.LoginPageTest" name="validateSignInButtonTest" time="0.028"/>
  <testcase classname="com.testcases.LoginPageTest" name="validateErrorMessageForInvalidLoginTest" time="20.25">
    <failure type="org.openqa.selenium.TimeoutException" message="timeout: Timed out receiving message from renderer: 20.000
  (Session info: chrome=128.0.6613.139)
Build info: version: &amp;apos;4.24.0&amp;apos;, revision: &amp;apos;748ffc9bc3&amp;apos;
System info: os.name: &amp;apos;Windows 11&amp;apos;, os.arch: &amp;apos;amd64&amp;apos;, os.version: &amp;apos;10.0&amp;apos;, java.version: &amp;apos;21.0.1&amp;apos;
Driver info: org.openqa.selenium.chrome.ChromeDriver
Command: [9e92548f1ea934454f524b71b769c219, clickElement {id=f.D36375407E10F11F4BF56B98FE4B960E.d.D05262F0F37641C07F39D5D6B75A13DC.e.18}]
Capabilities {acceptInsecureCerts: false, browserName: chrome, browserVersion: 128.0.6613.139, chrome: {chromedriverVersion: 128.0.6613.137 (fe621c5aa2d..., userDataDir: C:\Users\SEETHA~1\AppData\L...}, fedcm:accounts: true, goog:chromeOptions: {debuggerAddress: localhost:52589}, networkConnectionEnabled: false, pageLoadStrategy: normal, platformName: windows, proxy: Proxy(), se:cdp: ws://localhost:52589/devtoo..., se:cdpVersion: 128.0.6613.139, setWindowRect: true, strictFileInteractability: false, timeouts: {implicit: 0, pageLoad: 300000, script: 30000}, unhandledPromptBehavior: dismiss and notify, webauthn:extension:credBlob: true, webauthn:extension:largeBlob: true, webauthn:extension:minPinLength: true, webauthn:extension:prf: true, webauthn:virtualAuthenticators: true}
Element: [[ChromeDriver: chrome on windows (9e92548f1ea934454f524b71b769c219)] -&amp;gt; xpath: //*[@id=&amp;quot;customer_login&amp;quot;]/input[5]]
Session ID: 9e92548f1ea934454f524b71b769c219">
      <![CDATA[org.openqa.selenium.TimeoutException: timeout: Timed out receiving message from renderer: 20.000
  (Session info: chrome=128.0.6613.139)
Build info: version: '4.24.0', revision: '748ffc9bc3'
System info: os.name: 'Windows 11', os.arch: 'amd64', os.version: '10.0', java.version: '21.0.1'
Driver info: org.openqa.selenium.chrome.ChromeDriver
Command: [9e92548f1ea934454f524b71b769c219, clickElement {id=f.D36375407E10F11F4BF56B98FE4B960E.d.D05262F0F37641C07F39D5D6B75A13DC.e.18}]
Capabilities {acceptInsecureCerts: false, browserName: chrome, browserVersion: 128.0.6613.139, chrome: {chromedriverVersion: 128.0.6613.137 (fe621c5aa2d..., userDataDir: C:\Users\SEETHA~1\AppData\L...}, fedcm:accounts: true, goog:chromeOptions: {debuggerAddress: localhost:52589}, networkConnectionEnabled: false, pageLoadStrategy: normal, platformName: windows, proxy: Proxy(), se:cdp: ws://localhost:52589/devtoo..., se:cdpVersion: 128.0.6613.139, setWindowRect: true, strictFileInteractability: false, timeouts: {implicit: 0, pageLoad: 300000, script: 30000}, unhandledPromptBehavior: dismiss and notify, webauthn:extension:credBlob: true, webauthn:extension:largeBlob: true, webauthn:extension:minPinLength: true, webauthn:extension:prf: true, webauthn:virtualAuthenticators: true}
Element: [[ChromeDriver: chrome on windows (9e92548f1ea934454f524b71b769c219)] -> xpath: //*[@id="customer_login"]/input[5]]
Session ID: 9e92548f1ea934454f524b71b769c219
at org.openqa.selenium.remote.ErrorCodec.decode(ErrorCodec.java:167)
at org.openqa.selenium.remote.codec.w3c.W3CHttpResponseCodec.decode(W3CHttpResponseCodec.java:138)
at org.openqa.selenium.remote.codec.w3c.W3CHttpResponseCodec.decode(W3CHttpResponseCodec.java:50)
at org.openqa.selenium.remote.HttpCommandExecutor.execute(HttpCommandExecutor.java:190)
at org.openqa.selenium.remote.service.DriverCommandExecutor.invokeExecute(DriverCommandExecutor.java:216)
at org.openqa.selenium.remote.service.DriverCommandExecutor.execute(DriverCommandExecutor.java:174)
at org.openqa.selenium.remote.RemoteWebDriver.execute(RemoteWebDriver.java:545)
at org.openqa.selenium.remote.RemoteWebElement.execute(RemoteWebElement.java:223)
at org.openqa.selenium.remote.RemoteWebElement.click(RemoteWebElement.java:76)
at org.openqa.selenium.support.pagefactory.internal.LocatingElementHandler.invoke(LocatingElementHandler.java:51)
at jdk.proxy2/jdk.proxy2.$Proxy22.click(Unknown Source)
at com.pages.LoginPage.login(LoginPage.java:35)
at com.testcases.LoginPageTest.validateErrorMessageForInvalidLoginTest(LoginPageTest.java:120)
at java.base/java.util.ArrayList.forEach(ArrayList.java:1596)
... Removed 30 stack frames]]>
    </failure>
  </testcase> <!-- validateErrorMessageForInvalidLoginTest -->
  <testcase classname="com.testcases.RegisterPageTest" name="registerTest" time="4.474"/>
  <testcase classname="com.testcases.RegisterPageTest" name="validateRegisterFieldsTest" time="0.149"/>
  <testcase classname="com.testcases.RegisterPageTest" name="validateRegisterButtonTest" time="0.026"/>
  <testcase classname="com.testcases.RegisterPageTest" name="validateRegisterPageTitleTest" time="0.006"/>
</testsuite> <!-- Test -->
